<?xml version="1.0" encoding="UTF-8"?>
<!-- Generated by org.testng.reporters.JUnitXMLReporter -->
<testsuite hostname="Harshal" ignored="8" name="Default test" tests="8" failures="0" timestamp="2022-07-06T02:14:30 IST" time="67.821" errors="0">
  <testcase name="ProductNavigation" time="8.149" classname="com.tests.ProductPageValidation"/>
  <testcase name="ProductNavigation" time="7.426" classname="com.tests.ProductPageValidation"/>
  <testcase name="ProductNavigation" time="7.572" classname="com.tests.ProductPageValidation"/>
  <testcase name="ProductNavigation" time="7.093" classname="com.tests.ProductPageValidation"/>
  <testcase name="verifyDescription" time="7.192" classname="com.tests.ProductPageValidation"/>
  <testcase name="verifyDescription" time="7.254" classname="com.tests.ProductPageValidation"/>
  <testcase name="verifyDescription" time="7.094" classname="com.tests.ProductPageValidation"/>
  <testcase name="verifyDescription" time="7.196" classname="com.tests.ProductPageValidation"/>
  <testcase name="verifyQuantity" time="0.0" classname="com.tests.ProductPageValidation">
    <ignored/>
  </testcase> <!-- verifyQuantity -->
  <testcase name="CartAddDate" time="0.0" classname="com.tests.ProductPageValidation">
    <ignored/>
  </testcase> <!-- CartAddDate -->
  <testcase name="VerifyReviews" time="0.0" classname="com.tests.ProductPageValidation">
    <ignored/>
  </testcase> <!-- VerifyReviews -->
  <testcase name="VerifyFields" time="0.0" classname="com.tests.ProductPageValidation">
    <ignored/>
  </testcase> <!-- VerifyFields -->
  <testcase name="verifySpecification" time="0.0" classname="com.tests.ProductPageValidation">
    <ignored/>
  </testcase> <!-- verifySpecification -->
  <testcase name="verifyMandatoryFields" time="0.0" classname="com.tests.ProductPageValidation">
    <ignored/>
  </testcase> <!-- verifyMandatoryFields -->
  <testcase name="VerifyAddToCart" time="0.0" classname="com.tests.ProductPageValidation">
    <ignored/>
  </testcase> <!-- VerifyAddToCart -->
  <testcase name="ReviewFunc" time="0.0" classname="com.tests.ProductPageValidation">
    <ignored/>
  </testcase> <!-- ReviewFunc -->
</testsuite> <!-- Default test -->
