<?xml version="1.0" encoding="UTF-8"?>
<!-- Generated by org.testng.reporters.JUnitXMLReporter -->
<testsuite hostname="Harshal" ignored="9" name="Default test" tests="4" failures="0" timestamp="2022-07-08T00:57:28 IST" time="45.581" errors="0">
  <testcase name="verifySpecification" time="8.255" classname="com.tests.ProductPageValidation"/>
  <testcase name="verifySpecification" time="7.773" classname="com.tests.ProductPageValidation"/>
  <testcase name="verifySpecification" time="10.182" classname="com.tests.ProductPageValidation"/>
  <testcase name="verifySpecification" time="10.197" classname="com.tests.ProductPageValidation"/>
  <testcase name="verifyQuantity" time="0.0" classname="com.tests.ProductPageValidation">
    <ignored/>
  </testcase> <!-- verifyQuantity -->
  <testcase name="CartAddDate" time="0.0" classname="com.tests.ProductPageValidation">
    <ignored/>
  </testcase> <!-- CartAddDate -->
  <testcase name="verifyDescription" time="0.0" classname="com.tests.ProductPageValidation">
    <ignored/>
  </testcase> <!-- verifyDescription -->
  <testcase name="VerifyReviews" time="0.0" classname="com.tests.ProductPageValidation">
    <ignored/>
  </testcase> <!-- VerifyReviews -->
  <testcase name="VerifyFields" time="0.0" classname="com.tests.ProductPageValidation">
    <ignored/>
  </testcase> <!-- VerifyFields -->
  <testcase name="ProductNavigation" time="0.0" classname="com.tests.ProductPageValidation">
    <ignored/>
  </testcase> <!-- ProductNavigation -->
  <testcase name="verifyMandatoryFields" time="0.0" classname="com.tests.ProductPageValidation">
    <ignored/>
  </testcase> <!-- verifyMandatoryFields -->
  <testcase name="VerifyAddToCart" time="0.0" classname="com.tests.ProductPageValidation">
    <ignored/>
  </testcase> <!-- VerifyAddToCart -->
  <testcase name="ReviewFunc" time="0.0" classname="com.tests.ProductPageValidation">
    <ignored/>
  </testcase> <!-- ReviewFunc -->
</testsuite> <!-- Default test -->
