<?xml version="1.0" encoding="UTF-8"?>
<testng-results skipped="0" failed="0" ignored="9" total="13" passed="4">
  <reporter-output>
  </reporter-output>
  <suite name="Default suite" duration-ms="45581" started-at="2022-07-08T00:56:43 IST" finished-at="2022-07-08T00:57:28 IST">
    <groups>
    </groups>
    <test name="Default test" duration-ms="45581" started-at="2022-07-08T00:56:43 IST" finished-at="2022-07-08T00:57:28 IST">
      <class name="com.tests.ProductPageValidation">
        <test-method status="PASS" signature="beforeClass()[pri:0, instance:com.tests.ProductPageValidation@17d677df]" name="beforeClass" is-config="true" duration-ms="6737" started-at="2022-07-08T00:56:43 IST" finished-at="2022-07-08T00:56:49 IST">
          <reporter-output>
          </reporter-output>
        </test-method> <!-- beforeClass -->
        <test-method status="PASS" signature="verifySpecification(java.lang.String)[pri:0, instance:com.tests.ProductPageValidation@17d677df]" name="verifySpecification" duration-ms="8255" started-at="2022-07-08T00:56:50 IST" data-provider="productnavigation" finished-at="2022-07-08T00:56:59 IST">
          <params>
            <param index="0">
              <value>
                <![CDATA[MacBook]]>
              </value>
            </param>
          </params>
          <reporter-output>
          </reporter-output>
        </test-method> <!-- verifySpecification -->
        <test-method status="PASS" signature="verifySpecification(java.lang.String)[pri:0, instance:com.tests.ProductPageValidation@17d677df]" name="verifySpecification" duration-ms="7773" started-at="2022-07-08T00:56:59 IST" data-provider="productnavigation" finished-at="2022-07-08T00:57:06 IST">
          <params>
            <param index="0">
              <value>
                <![CDATA[Apple Cinema 30]]>
              </value>
            </param>
          </params>
          <reporter-output>
          </reporter-output>
        </test-method> <!-- verifySpecification -->
        <test-method status="PASS" signature="verifySpecification(java.lang.String)[pri:0, instance:com.tests.ProductPageValidation@17d677df]" name="verifySpecification" duration-ms="10182" started-at="2022-07-08T00:57:06 IST" data-provider="productnavigation" finished-at="2022-07-08T00:57:17 IST">
          <params>
            <param index="0">
              <value>
                <![CDATA[iPhone]]>
              </value>
            </param>
          </params>
          <reporter-output>
          </reporter-output>
        </test-method> <!-- verifySpecification -->
        <test-method status="PASS" signature="verifySpecification(java.lang.String)[pri:0, instance:com.tests.ProductPageValidation@17d677df]" name="verifySpecification" duration-ms="10197" started-at="2022-07-08T00:57:17 IST" data-provider="productnavigation" finished-at="2022-07-08T00:57:27 IST">
          <params>
            <param index="0">
              <value>
                <![CDATA[Canon EOS 5D]]>
              </value>
            </param>
          </params>
          <reporter-output>
          </reporter-output>
        </test-method> <!-- verifySpecification -->
        <test-method status="PASS" signature="afterClass()[pri:0, instance:com.tests.ProductPageValidation@17d677df]" name="afterClass" is-config="true" duration-ms="1216" started-at="2022-07-08T00:57:27 IST" finished-at="2022-07-08T00:57:28 IST">
          <reporter-output>
          </reporter-output>
        </test-method> <!-- afterClass -->
      </class> <!-- com.tests.ProductPageValidation -->
    </test> <!-- Default test -->
  </suite> <!-- Default suite -->
</testng-results>
